RUN	com.github.mnogu.gatling.kafka.test.ByteArraySimulation	bytearraysimulation	1620460172367	 	3.5.1
REQUEST		request	1620460172796	1620460232806	KO	Topic test not present in metadata after 60000 ms.
USER	Kafka Test	END	1620460232811
USER	Kafka Test	START	1620460172784
REQUEST		request	1620460172833	1620460232834	KO	Topic test not present in metadata after 60000 ms.
USER	Kafka Test	START	1620460172833
USER	Kafka Test	END	1620460232834
REQUEST		request	1620460172935	1620460232936	KO	Topic test not present in metadata after 60000 ms.
USER	Kafka Test	START	1620460172934
USER	Kafka Test	END	1620460232936
REQUEST		request	1620460173037	1620460233038	KO	Topic test not present in metadata after 60000 ms.
USER	Kafka Test	START	1620460173036
USER	Kafka Test	END	1620460233038
REQUEST		request	1620460232815	1620460292815	KO	Topic test not present in metadata after 60000 ms.
USER	Kafka Test	START	1620460232814
USER	Kafka Test	END	1620460292815
REQUEST		request	1620460232834	1620460292835	KO	Topic test not present in metadata after 60000 ms.
USER	Kafka Test	START	1620460232834
USER	Kafka Test	END	1620460292835
REQUEST		request	1620460232936	1620460292938	KO	Topic test not present in metadata after 60000 ms.
USER	Kafka Test	START	1620460232936
USER	Kafka Test	END	1620460292938
REQUEST		request	1620460233039	1620460293040	KO	Topic test not present in metadata after 60000 ms.
USER	Kafka Test	START	1620460233039
USER	Kafka Test	END	1620460293040
REQUEST		request	1620460292816	1620460352817	KO	Topic test not present in metadata after 60000 ms.
USER	Kafka Test	START	1620460292815
USER	Kafka Test	END	1620460352817
REQUEST		request	1620460292836	1620460352837	KO	Topic test not present in metadata after 60000 ms.
USER	Kafka Test	START	1620460292835
USER	Kafka Test	END	1620460352837
REQUEST		request	1620460292939	1620460352941	KO	Topic test not present in metadata after 60000 ms.
USER	Kafka Test	START	1620460292939
USER	Kafka Test	END	1620460352941
REQUEST		request	1620460293041	1620460353042	KO	Topic test not present in metadata after 60000 ms.
USER	Kafka Test	START	1620460293041
USER	Kafka Test	END	1620460353043
REQUEST		request	1620460352818	1620460412819	KO	Topic test not present in metadata after 60000 ms.
USER	Kafka Test	START	1620460352817
USER	Kafka Test	END	1620460412818
REQUEST		request	1620460352838	1620460412839	KO	Topic test not present in metadata after 60000 ms.
USER	Kafka Test	START	1620460352838
USER	Kafka Test	END	1620460412839
REQUEST		request	1620460352942	1620460412942	KO	Topic test not present in metadata after 60000 ms.
USER	Kafka Test	START	1620460352942
USER	Kafka Test	END	1620460412942
REQUEST		request	1620460353044	1620460413045	KO	Topic test not present in metadata after 60000 ms.
USER	Kafka Test	START	1620460353043
USER	Kafka Test	END	1620460413045
REQUEST		request	1620460412819	1620460472820	KO	Topic test not present in metadata after 60000 ms.
USER	Kafka Test	START	1620460412819
USER	Kafka Test	END	1620460472820
REQUEST		request	1620460412840	1620460472841	KO	Topic test not present in metadata after 60000 ms.
USER	Kafka Test	START	1620460412840
USER	Kafka Test	END	1620460472841
REQUEST		request	1620460412942	1620460472945	KO	Topic test not present in metadata after 60000 ms.
USER	Kafka Test	START	1620460412942
USER	Kafka Test	END	1620460472946
REQUEST		request	1620460413045	1620460473045	KO	Topic test not present in metadata after 60000 ms.
USER	Kafka Test	START	1620460413045
USER	Kafka Test	END	1620460473050
REQUEST		request	1620460472821	1620460532822	KO	Topic test not present in metadata after 60000 ms.
USER	Kafka Test	START	1620460472821
USER	Kafka Test	END	1620460532823
REQUEST		request	1620460472841	1620460532842	KO	Topic test not present in metadata after 60000 ms.
USER	Kafka Test	START	1620460472841
USER	Kafka Test	END	1620460532842
REQUEST		request	1620460472946	1620460532947	KO	Topic test not present in metadata after 60000 ms.
USER	Kafka Test	START	1620460472946
USER	Kafka Test	END	1620460532947
REQUEST		request	1620460473051	1620460533055	KO	Topic test not present in metadata after 60000 ms.
USER	Kafka Test	START	1620460473050
USER	Kafka Test	END	1620460533056
REQUEST		request	1620460532823	1620460592825	KO	Topic test not present in metadata after 60000 ms.
USER	Kafka Test	START	1620460532823
USER	Kafka Test	END	1620460592825
REQUEST		request	1620460532843	1620460592844	KO	Topic test not present in metadata after 60000 ms.
USER	Kafka Test	START	1620460532843
USER	Kafka Test	END	1620460592844
REQUEST		request	1620460532947	1620460592948	KO	Topic test not present in metadata after 60000 ms.
USER	Kafka Test	START	1620460532947
USER	Kafka Test	END	1620460592948
REQUEST		request	1620460533056	1620460593060	KO	Topic test not present in metadata after 60000 ms.
USER	Kafka Test	START	1620460533056
USER	Kafka Test	END	1620460593060
REQUEST		request	1620460592826	1620460652828	KO	Topic test not present in metadata after 60000 ms.
USER	Kafka Test	START	1620460592826
USER	Kafka Test	END	1620460652829
REQUEST		request	1620460592845	1620460652847	KO	Topic test not present in metadata after 60000 ms.
USER	Kafka Test	START	1620460592845
USER	Kafka Test	END	1620460652847
REQUEST		request	1620460592949	1620460652950	KO	Topic test not present in metadata after 60000 ms.
USER	Kafka Test	START	1620460592948
USER	Kafka Test	END	1620460652950
REQUEST		request	1620460593061	1620460653063	KO	Topic test not present in metadata after 60000 ms.
USER	Kafka Test	START	1620460593061
USER	Kafka Test	END	1620460653064
REQUEST		request	1620460652830	1620460712830	KO	Topic test not present in metadata after 60000 ms.
USER	Kafka Test	START	1620460652829
USER	Kafka Test	END	1620460712831
REQUEST		request	1620460652847	1620460712849	KO	Topic test not present in metadata after 60000 ms.
USER	Kafka Test	START	1620460652847
USER	Kafka Test	END	1620460712849
REQUEST		request	1620460652950	1620460712951	KO	Topic test not present in metadata after 60000 ms.
USER	Kafka Test	START	1620460652950
USER	Kafka Test	END	1620460712951
REQUEST		request	1620460653064	1620460713065	KO	Topic test not present in metadata after 60000 ms.
USER	Kafka Test	START	1620460653064
USER	Kafka Test	END	1620460713065
REQUEST		request	1620460712831	1620460772833	KO	Topic test not present in metadata after 60000 ms.
USER	Kafka Test	START	1620460712831
USER	Kafka Test	END	1620460772833
REQUEST		request	1620460712850	1620460772851	KO	Topic test not present in metadata after 60000 ms.
USER	Kafka Test	START	1620460712849
USER	Kafka Test	END	1620460772851
REQUEST		request	1620460712952	1620460772953	KO	Topic test not present in metadata after 60000 ms.
USER	Kafka Test	START	1620460712952
USER	Kafka Test	END	1620460772953
REQUEST		request	1620460713066	1620460773067	KO	Topic test not present in metadata after 60000 ms.
USER	Kafka Test	START	1620460713066
USER	Kafka Test	END	1620460773067
REQUEST		request	1620460772835	1620460832838	KO	Topic test not present in metadata after 60000 ms.
USER	Kafka Test	START	1620460772834
USER	Kafka Test	END	1620460832838
REQUEST		request	1620460772852	1620460832854	KO	Topic test not present in metadata after 60000 ms.
USER	Kafka Test	START	1620460772851
USER	Kafka Test	END	1620460832854
REQUEST		request	1620460772953	1620460832955	KO	Topic test not present in metadata after 60000 ms.
USER	Kafka Test	START	1620460772953
USER	Kafka Test	END	1620460832955
REQUEST		request	1620460773068	1620460833069	KO	Topic test not present in metadata after 60000 ms.
USER	Kafka Test	START	1620460773068
USER	Kafka Test	END	1620460833069
REQUEST		request	1620460832839	1620460892840	KO	Topic test not present in metadata after 60000 ms.
USER	Kafka Test	START	1620460832839
USER	Kafka Test	END	1620460892840
REQUEST		request	1620460832854	1620460892856	KO	Topic test not present in metadata after 60000 ms.
USER	Kafka Test	START	1620460832854
USER	Kafka Test	END	1620460892856
REQUEST		request	1620460832955	1620460892956	KO	Topic test not present in metadata after 60000 ms.
USER	Kafka Test	START	1620460832955
USER	Kafka Test	END	1620460892956
REQUEST		request	1620460833070	1620460893071	KO	Topic test not present in metadata after 60000 ms.
USER	Kafka Test	START	1620460833069
USER	Kafka Test	END	1620460893071
REQUEST		request	1620460892840	1620460952841	KO	Topic test not present in metadata after 60000 ms.
USER	Kafka Test	START	1620460892840
USER	Kafka Test	END	1620460952841
REQUEST		request	1620460892857	1620460952858	KO	Topic test not present in metadata after 60000 ms.
USER	Kafka Test	START	1620460892857
USER	Kafka Test	END	1620460952858
REQUEST		request	1620460892957	1620460952958	KO	Topic test not present in metadata after 60000 ms.
USER	Kafka Test	START	1620460892957
USER	Kafka Test	END	1620460952958
REQUEST		request	1620460893071	1620460953073	KO	Topic test not present in metadata after 60000 ms.
USER	Kafka Test	START	1620460893071
USER	Kafka Test	END	1620460953073
REQUEST		request	1620460952842	1620461012842	KO	Topic test not present in metadata after 60000 ms.
USER	Kafka Test	START	1620460952841
USER	Kafka Test	END	1620461012842
REQUEST		request	1620460952858	1620461012859	KO	Topic test not present in metadata after 60000 ms.
USER	Kafka Test	START	1620460952858
USER	Kafka Test	END	1620461012859
REQUEST		request	1620460952959	1620461012960	KO	Topic test not present in metadata after 60000 ms.
USER	Kafka Test	END	1620461012988
USER	Kafka Test	START	1620460952958
REQUEST		request	1620460953074	1620461013075	KO	Topic test not present in metadata after 60000 ms.
USER	Kafka Test	START	1620460953074
USER	Kafka Test	END	1620461013075
REQUEST		request	1620461012843	1620461072845	KO	Topic test not present in metadata after 60000 ms.
USER	Kafka Test	START	1620461012843
USER	Kafka Test	END	1620461072845
REQUEST		request	1620461012860	1620461072861	KO	Topic test not present in metadata after 60000 ms.
USER	Kafka Test	START	1620461012860
USER	Kafka Test	END	1620461072861
REQUEST		request	1620461012989	1620461072990	KO	Topic test not present in metadata after 60000 ms.
USER	Kafka Test	START	1620461012989
USER	Kafka Test	END	1620461072990
REQUEST		request	1620461013076	1620461073077	KO	Topic test not present in metadata after 60000 ms.
USER	Kafka Test	START	1620461013076
USER	Kafka Test	END	1620461073077
REQUEST		request	1620461072846	1620461132847	KO	Topic test not present in metadata after 60000 ms.
USER	Kafka Test	END	1620461132848
USER	Kafka Test	START	1620461072845
REQUEST		request	1620461072861	1620461132863	KO	Topic test not present in metadata after 60000 ms.
USER	Kafka Test	START	1620461072861
USER	Kafka Test	END	1620461132863
REQUEST		request	1620461072991	1620461132992	KO	Topic test not present in metadata after 60000 ms.
USER	Kafka Test	START	1620461072991
USER	Kafka Test	END	1620461132992
REQUEST		request	1620461073078	1620461133079	KO	Topic test not present in metadata after 60000 ms.
USER	Kafka Test	START	1620461073077
USER	Kafka Test	END	1620461133080
REQUEST		request	1620461132849	1620461192850	KO	Topic test not present in metadata after 60000 ms.
USER	Kafka Test	START	1620461132849
USER	Kafka Test	END	1620461192850
REQUEST		request	1620461132863	1620461192867	KO	Topic test not present in metadata after 60000 ms.
USER	Kafka Test	START	1620461132863
USER	Kafka Test	END	1620461192867
REQUEST		request	1620461132993	1620461192994	KO	Topic test not present in metadata after 60000 ms.
USER	Kafka Test	START	1620461132992
USER	Kafka Test	END	1620461192994
REQUEST		request	1620461133080	1620461193082	KO	Topic test not present in metadata after 60000 ms.
USER	Kafka Test	START	1620461133080
USER	Kafka Test	END	1620461193082
REQUEST		request	1620461192851	1620461252852	KO	Topic test not present in metadata after 60000 ms.
USER	Kafka Test	START	1620461192850
USER	Kafka Test	END	1620461252852
REQUEST		request	1620461192868	1620461252870	KO	Topic test not present in metadata after 60000 ms.
USER	Kafka Test	START	1620461192868
USER	Kafka Test	END	1620461252870
REQUEST		request	1620461192994	1620461252996	KO	Topic test not present in metadata after 60000 ms.
USER	Kafka Test	END	1620461252996
USER	Kafka Test	START	1620461192994
REQUEST		request	1620461193082	1620461253083	KO	Topic test not present in metadata after 60000 ms.
USER	Kafka Test	START	1620461193082
USER	Kafka Test	END	1620461253084
REQUEST		request	1620461252853	1620461312854	KO	Topic test not present in metadata after 60000 ms.
USER	Kafka Test	START	1620461252853
USER	Kafka Test	END	1620461312854
REQUEST		request	1620461252870	1620461312871	KO	Topic test not present in metadata after 60000 ms.
USER	Kafka Test	START	1620461252870
USER	Kafka Test	END	1620461312871
REQUEST		request	1620461252999	1620461313000	KO	Topic test not present in metadata after 60000 ms.
USER	Kafka Test	START	1620461252998
USER	Kafka Test	END	1620461313000
REQUEST		request	1620461253084	1620461313085	KO	Topic test not present in metadata after 60000 ms.
USER	Kafka Test	START	1620461253084
USER	Kafka Test	END	1620461313085
REQUEST		request	1620461312855	1620461372856	KO	Topic test not present in metadata after 60000 ms.
USER	Kafka Test	START	1620461312855
USER	Kafka Test	END	1620461372856
REQUEST		request	1620461312872	1620461372873	KO	Topic test not present in metadata after 60000 ms.
USER	Kafka Test	START	1620461312872
USER	Kafka Test	END	1620461372873
REQUEST		request	1620461313001	1620461373002	KO	Topic test not present in metadata after 60000 ms.
USER	Kafka Test	START	1620461313000
USER	Kafka Test	END	1620461373002
REQUEST		request	1620461313086	1620461373087	KO	Topic test not present in metadata after 60000 ms.
USER	Kafka Test	START	1620461313086
USER	Kafka Test	END	1620461373088
REQUEST		request	1620461372857	1620461432858	KO	Topic test not present in metadata after 60000 ms.
USER	Kafka Test	START	1620461372856
USER	Kafka Test	END	1620461432858
REQUEST		request	1620461372874	1620461432875	KO	Topic test not present in metadata after 60000 ms.
USER	Kafka Test	START	1620461372874
USER	Kafka Test	END	1620461432875
REQUEST		request	1620461373002	1620461433003	KO	Topic test not present in metadata after 60000 ms.
USER	Kafka Test	START	1620461373002
USER	Kafka Test	END	1620461433004
REQUEST		request	1620461373088	1620461433089	KO	Topic test not present in metadata after 60000 ms.
USER	Kafka Test	START	1620461373088
USER	Kafka Test	END	1620461433089
REQUEST		request	1620461432859	1620461492860	KO	Topic test not present in metadata after 60000 ms.
USER	Kafka Test	START	1620461432858
USER	Kafka Test	END	1620461492860
REQUEST		request	1620461432876	1620461492877	KO	Topic test not present in metadata after 60000 ms.
USER	Kafka Test	START	1620461432876
USER	Kafka Test	END	1620461492877
REQUEST		request	1620461433004	1620461493005	KO	Topic test not present in metadata after 60000 ms.
USER	Kafka Test	START	1620461433004
USER	Kafka Test	END	1620461493005
REQUEST		request	1620461433090	1620461493091	KO	Topic test not present in metadata after 60000 ms.
USER	Kafka Test	START	1620461433090
USER	Kafka Test	END	1620461493091
REQUEST		request	1620461492860	1620461552861	KO	Topic test not present in metadata after 60000 ms.
USER	Kafka Test	START	1620461492860
USER	Kafka Test	END	1620461552861
REQUEST		request	1620461492878	1620461552878	KO	Topic test not present in metadata after 60000 ms.
USER	Kafka Test	START	1620461492877
USER	Kafka Test	END	1620461552878
REQUEST		request	1620461493006	1620461553007	KO	Topic test not present in metadata after 60000 ms.
USER	Kafka Test	START	1620461493006
USER	Kafka Test	END	1620461553007
REQUEST		request	1620461493092	1620461553093	KO	Topic test not present in metadata after 60000 ms.
USER	Kafka Test	START	1620461493092
USER	Kafka Test	END	1620461553093
REQUEST		request	1620461552862	1620461612863	KO	Topic test not present in metadata after 60000 ms.
USER	Kafka Test	START	1620461552861
USER	Kafka Test	END	1620461612863
REQUEST		request	1620461552879	1620461612880	KO	Topic test not present in metadata after 60000 ms.
USER	Kafka Test	START	1620461552879
USER	Kafka Test	END	1620461612880
REQUEST		request	1620461553007	1620461613009	KO	Topic test not present in metadata after 60000 ms.
USER	Kafka Test	START	1620461553007
USER	Kafka Test	END	1620461613009
REQUEST		request	1620461553094	1620461613096	KO	